{"/Users/test/Documents/after HCK/BE-Test-NTX/server.js": {"path":"/Users/test/Documents/after HCK/BE-Test-NTX/server.js","statementMap":{"0":{"start":{"line":1,"column":16},"end":{"line":1,"column":34}},"1":{"start":{"line":2,"column":19},"end":{"line":2,"column":41}},"2":{"start":{"line":3,"column":13},"end":{"line":3,"column":28}},"3":{"start":{"line":4,"column":15},"end":{"line":4,"column":32}},"4":{"start":{"line":5,"column":0},"end":{"line":5,"column":16}},"5":{"start":{"line":6,"column":12},"end":{"line":6,"column":21}},"6":{"start":{"line":8,"column":20},"end":{"line":10,"column":1}},"7":{"start":{"line":12,"column":0},"end":{"line":12,"column":27}},"8":{"start":{"line":15,"column":0},"end":{"line":15,"column":27}},"9":{"start":{"line":18,"column":0},"end":{"line":18,"column":51}},"10":{"start":{"line":21,"column":11},"end":{"line":21,"column":34}},"11":{"start":{"line":22,"column":22},"end":{"line":22,"column":59}},"12":{"start":{"line":26,"column":0},"end":{"line":26,"column":18}},"13":{"start":{"line":29,"column":13},"end":{"line":29,"column":37}},"14":{"start":{"line":36,"column":0},"end":{"line":36,"column":20}}},"fnMap":{},"branchMap":{"0":{"loc":{"start":{"line":29,"column":13},"end":{"line":29,"column":37}},"type":"binary-expr","locations":[{"start":{"line":29,"column":13},"end":{"line":29,"column":29}},{"start":{"line":29,"column":33},"end":{"line":29,"column":37}}],"line":29}},"s":{"0":1,"1":1,"2":1,"3":1,"4":1,"5":1,"6":1,"7":1,"8":1,"9":1,"10":1,"11":1,"12":1,"13":1,"14":1},"f":{},"b":{"0":[1,0]},"_coverageSchema":"1a1c01bbd47fc00a2c39e90264f33305004495a9","hash":"3bc9c776c3c44fb5595ebd668d1786ca5d794a9c"}
,"/Users/test/Documents/after HCK/BE-Test-NTX/app/config/db.js": {"path":"/Users/test/Documents/after HCK/BE-Test-NTX/app/config/db.js","statementMap":{"0":{"start":{"line":1,"column":15},"end":{"line":1,"column":32}},"1":{"start":{"line":2,"column":0},"end":{"line":2,"column":16}},"2":{"start":{"line":4,"column":0},"end":{"line":16,"column":2}}},"fnMap":{},"branchMap":{},"s":{"0":1,"1":1,"2":1},"f":{},"b":{},"_coverageSchema":"1a1c01bbd47fc00a2c39e90264f33305004495a9","hash":"d3efdbbec30c3612f4e030df0706a0d67b848d55"}
,"/Users/test/Documents/after HCK/BE-Test-NTX/app/controllers/exampleController.js": {"path":"/Users/test/Documents/after HCK/BE-Test-NTX/app/controllers/exampleController.js","statementMap":{"0":{"start":{"line":1,"column":11},"end":{"line":1,"column":31}},"1":{"start":{"line":2,"column":14},"end":{"line":2,"column":30}},"2":{"start":{"line":3,"column":18},"end":{"line":3,"column":31}},"3":{"start":{"line":4,"column":22},"end":{"line":4,"column":47}},"4":{"start":{"line":9,"column":0},"end":{"line":30,"column":2}},"5":{"start":{"line":10,"column":2},"end":{"line":29,"column":3}},"6":{"start":{"line":11,"column":19},"end":{"line":11,"column":75}},"7":{"start":{"line":13,"column":19},"end":{"line":15,"column":5}},"8":{"start":{"line":14,"column":6},"end":{"line":14,"column":77}},"9":{"start":{"line":14,"column":41},"end":{"line":14,"column":73}},"10":{"start":{"line":17,"column":4},"end":{"line":21,"column":7}},"11":{"start":{"line":23,"column":4},"end":{"line":23,"column":25}},"12":{"start":{"line":24,"column":4},"end":{"line":28,"column":7}},"13":{"start":{"line":32,"column":0},"end":{"line":78,"column":2}},"14":{"start":{"line":33,"column":19},"end":{"line":33,"column":27}},"15":{"start":{"line":35,"column":22},"end":{"line":35,"column":54}},"16":{"start":{"line":37,"column":2},"end":{"line":77,"column":3}},"17":{"start":{"line":39,"column":19},"end":{"line":39,"column":30}},"18":{"start":{"line":40,"column":4},"end":{"line":40,"column":32}},"19":{"start":{"line":41,"column":28},"end":{"line":41,"column":51}},"20":{"start":{"line":42,"column":24},"end":{"line":42,"column":48}},"21":{"start":{"line":44,"column":4},"end":{"line":50,"column":6}},"22":{"start":{"line":52,"column":4},"end":{"line":58,"column":6}},"23":{"start":{"line":60,"column":15},"end":{"line":60,"column":41}},"24":{"start":{"line":62,"column":4},"end":{"line":67,"column":7}},"25":{"start":{"line":69,"column":4},"end":{"line":69,"column":33}},"26":{"start":{"line":71,"column":4},"end":{"line":71,"column":25}},"27":{"start":{"line":72,"column":4},"end":{"line":76,"column":7}},"28":{"start":{"line":80,"column":0},"end":{"line":99,"column":2}},"29":{"start":{"line":81,"column":20},"end":{"line":95,"column":3}},"30":{"start":{"line":82,"column":4},"end":{"line":94,"column":9}},"31":{"start":{"line":85,"column":21},"end":{"line":85,"column":34}},"32":{"start":{"line":87,"column":8},"end":{"line":87,"column":54}},"33":{"start":{"line":90,"column":8},"end":{"line":90,"column":29}},"34":{"start":{"line":91,"column":8},"end":{"line":93,"column":68}},"35":{"start":{"line":97,"column":2},"end":{"line":97,"column":14}},"36":{"start":{"line":98,"column":2},"end":{"line":98,"column":33}},"37":{"start":{"line":101,"column":0},"end":{"line":139,"column":2}},"38":{"start":{"line":102,"column":2},"end":{"line":138,"column":3}},"39":{"start":{"line":103,"column":21},"end":{"line":105,"column":5}},"40":{"start":{"line":106,"column":17},"end":{"line":106,"column":30}},"41":{"start":{"line":108,"column":26},"end":{"line":111,"column":7}},"42":{"start":{"line":108,"column":51},"end":{"line":111,"column":5}},"43":{"start":{"line":113,"column":24},"end":{"line":113,"column":48}},"44":{"start":{"line":115,"column":4},"end":{"line":125,"column":5}},"45":{"start":{"line":116,"column":6},"end":{"line":124,"column":8}},"46":{"start":{"line":127,"column":4},"end":{"line":134,"column":7}},"47":{"start":{"line":131,"column":40},"end":{"line":131,"column":48}},"48":{"start":{"line":136,"column":4},"end":{"line":136,"column":25}},"49":{"start":{"line":137,"column":4},"end":{"line":137,"column":75}},"50":{"start":{"line":141,"column":0},"end":{"line":180,"column":2}},"51":{"start":{"line":142,"column":21},"end":{"line":142,"column":29}},"52":{"start":{"line":143,"column":2},"end":{"line":179,"column":3}},"53":{"start":{"line":144,"column":4},"end":{"line":146,"column":5}},"54":{"start":{"line":145,"column":6},"end":{"line":145,"column":30}},"55":{"start":{"line":148,"column":17},"end":{"line":150,"column":6}},"56":{"start":{"line":152,"column":20},"end":{"line":154,"column":5}},"57":{"start":{"line":156,"column":18},"end":{"line":156,"column":36}},"58":{"start":{"line":158,"column":4},"end":{"line":166,"column":6}},"59":{"start":{"line":168,"column":4},"end":{"line":171,"column":7}},"60":{"start":{"line":173,"column":4},"end":{"line":173,"column":23}},"61":{"start":{"line":174,"column":4},"end":{"line":178,"column":7}}},"fnMap":{"0":{"name":"(anonymous_0)","decl":{"start":{"line":9,"column":23},"end":{"line":9,"column":24}},"loc":{"start":{"line":9,"column":43},"end":{"line":30,"column":1}},"line":9},"1":{"name":"(anonymous_1)","decl":{"start":{"line":13,"column":28},"end":{"line":13,"column":29}},"loc":{"start":{"line":14,"column":6},"end":{"line":14,"column":77}},"line":14},"2":{"name":"(anonymous_2)","decl":{"start":{"line":14,"column":25},"end":{"line":14,"column":26}},"loc":{"start":{"line":14,"column":41},"end":{"line":14,"column":73}},"line":14},"3":{"name":"(anonymous_3)","decl":{"start":{"line":32,"column":23},"end":{"line":32,"column":24}},"loc":{"start":{"line":32,"column":43},"end":{"line":78,"column":1}},"line":32},"4":{"name":"(anonymous_4)","decl":{"start":{"line":80,"column":26},"end":{"line":80,"column":27}},"loc":{"start":{"line":80,"column":40},"end":{"line":99,"column":1}},"line":80},"5":{"name":"(anonymous_5)","decl":{"start":{"line":81,"column":20},"end":{"line":81,"column":21}},"loc":{"start":{"line":81,"column":26},"end":{"line":95,"column":3}},"line":81},"6":{"name":"(anonymous_6)","decl":{"start":{"line":84,"column":12},"end":{"line":84,"column":13}},"loc":{"start":{"line":84,"column":26},"end":{"line":88,"column":7}},"line":84},"7":{"name":"(anonymous_7)","decl":{"start":{"line":89,"column":13},"end":{"line":89,"column":14}},"loc":{"start":{"line":89,"column":24},"end":{"line":94,"column":7}},"line":89},"8":{"name":"(anonymous_8)","decl":{"start":{"line":101,"column":18},"end":{"line":101,"column":19}},"loc":{"start":{"line":101,"column":38},"end":{"line":139,"column":1}},"line":101},"9":{"name":"(anonymous_9)","decl":{"start":{"line":108,"column":38},"end":{"line":108,"column":39}},"loc":{"start":{"line":108,"column":51},"end":{"line":111,"column":5}},"line":108},"10":{"name":"(anonymous_10)","decl":{"start":{"line":131,"column":33},"end":{"line":131,"column":34}},"loc":{"start":{"line":131,"column":40},"end":{"line":131,"column":48}},"line":131},"11":{"name":"(anonymous_11)","decl":{"start":{"line":141,"column":16},"end":{"line":141,"column":17}},"loc":{"start":{"line":141,"column":36},"end":{"line":180,"column":1}},"line":141}},"branchMap":{"0":{"loc":{"start":{"line":144,"column":4},"end":{"line":146,"column":5}},"type":"if","locations":[{"start":{"line":144,"column":4},"end":{"line":146,"column":5}},{"start":{},"end":{}}],"line":144}},"s":{"0":1,"1":1,"2":1,"3":1,"4":1,"5":1,"6":1,"7":1,"8":0,"9":0,"10":1,"11":0,"12":0,"13":1,"14":2,"15":2,"16":2,"17":2,"18":2,"19":1,"20":1,"21":1,"22":1,"23":1,"24":1,"25":1,"26":1,"27":1,"28":1,"29":0,"30":0,"31":0,"32":0,"33":0,"34":0,"35":0,"36":0,"37":1,"38":0,"39":0,"40":0,"41":0,"42":0,"43":0,"44":0,"45":0,"46":0,"47":0,"48":0,"49":0,"50":1,"51":0,"52":0,"53":0,"54":0,"55":0,"56":0,"57":0,"58":0,"59":0,"60":0,"61":0},"f":{"0":1,"1":0,"2":0,"3":2,"4":0,"5":0,"6":0,"7":0,"8":0,"9":0,"10":0,"11":0},"b":{"0":[0,0]},"_coverageSchema":"1a1c01bbd47fc00a2c39e90264f33305004495a9","hash":"968512aa630f3208547965c6c2274b97ecd7a777"}
,"/Users/test/Documents/after HCK/BE-Test-NTX/app/helpers/jwt.js": {"path":"/Users/test/Documents/after HCK/BE-Test-NTX/app/helpers/jwt.js","statementMap":{"0":{"start":{"line":1,"column":12},"end":{"line":1,"column":35}},"1":{"start":{"line":2,"column":15},"end":{"line":2,"column":23}},"2":{"start":{"line":4,"column":0},"end":{"line":6,"column":1}},"3":{"start":{"line":5,"column":4},"end":{"line":5,"column":36}},"4":{"start":{"line":8,"column":0},"end":{"line":10,"column":1}},"5":{"start":{"line":9,"column":4},"end":{"line":9,"column":36}}},"fnMap":{"0":{"name":"(anonymous_0)","decl":{"start":{"line":4,"column":20},"end":{"line":4,"column":21}},"loc":{"start":{"line":4,"column":33},"end":{"line":6,"column":1}},"line":4},"1":{"name":"(anonymous_1)","decl":{"start":{"line":8,"column":23},"end":{"line":8,"column":24}},"loc":{"start":{"line":8,"column":34},"end":{"line":10,"column":1}},"line":8}},"branchMap":{},"s":{"0":1,"1":1,"2":1,"3":1,"4":1,"5":4},"f":{"0":1,"1":4},"b":{},"_coverageSchema":"1a1c01bbd47fc00a2c39e90264f33305004495a9","hash":"15ac1b9da5315000d4b9f9a30e8aa098b8f588f8"}
,"/Users/test/Documents/after HCK/BE-Test-NTX/app/middleware/exampleMiddleware.js": {"path":"/Users/test/Documents/after HCK/BE-Test-NTX/app/middleware/exampleMiddleware.js","statementMap":{"0":{"start":{"line":1,"column":24},"end":{"line":1,"column":49}},"1":{"start":{"line":2,"column":11},"end":{"line":2,"column":31}},"2":{"start":{"line":5,"column":0},"end":{"line":36,"column":2}},"3":{"start":{"line":7,"column":28},"end":{"line":7,"column":39}},"4":{"start":{"line":8,"column":2},"end":{"line":35,"column":3}},"5":{"start":{"line":9,"column":4},"end":{"line":11,"column":5}},"6":{"start":{"line":10,"column":6},"end":{"line":10,"column":26}},"7":{"start":{"line":13,"column":26},"end":{"line":13,"column":50}},"8":{"start":{"line":14,"column":4},"end":{"line":16,"column":5}},"9":{"start":{"line":15,"column":6},"end":{"line":15,"column":26}},"10":{"start":{"line":18,"column":19},"end":{"line":18,"column":37}},"11":{"start":{"line":20,"column":17},"end":{"line":20,"column":43}},"12":{"start":{"line":21,"column":4},"end":{"line":23,"column":5}},"13":{"start":{"line":22,"column":6},"end":{"line":22,"column":26}},"14":{"start":{"line":25,"column":4},"end":{"line":25,"column":20}},"15":{"start":{"line":27,"column":4},"end":{"line":27,"column":11}},"16":{"start":{"line":29,"column":4},"end":{"line":29,"column":23}},"17":{"start":{"line":30,"column":4},"end":{"line":34,"column":7}},"18":{"start":{"line":38,"column":0},"end":{"line":50,"column":2}},"19":{"start":{"line":39,"column":2},"end":{"line":49,"column":3}},"20":{"start":{"line":40,"column":4},"end":{"line":42,"column":5}},"21":{"start":{"line":41,"column":6},"end":{"line":41,"column":30}},"22":{"start":{"line":43,"column":4},"end":{"line":43,"column":11}},"23":{"start":{"line":45,"column":4},"end":{"line":45,"column":23}},"24":{"start":{"line":46,"column":4},"end":{"line":48,"column":7}},"25":{"start":{"line":52,"column":15},"end":{"line":55,"column":1}},"26":{"start":{"line":57,"column":0},"end":{"line":57,"column":24}}},"fnMap":{"0":{"name":"(anonymous_0)","decl":{"start":{"line":5,"column":28},"end":{"line":5,"column":29}},"loc":{"start":{"line":5,"column":54},"end":{"line":36,"column":1}},"line":5},"1":{"name":"(anonymous_1)","decl":{"start":{"line":38,"column":17},"end":{"line":38,"column":18}},"loc":{"start":{"line":38,"column":43},"end":{"line":50,"column":1}},"line":38}},"branchMap":{"0":{"loc":{"start":{"line":9,"column":4},"end":{"line":11,"column":5}},"type":"if","locations":[{"start":{"line":9,"column":4},"end":{"line":11,"column":5}},{"start":{},"end":{}}],"line":9},"1":{"loc":{"start":{"line":14,"column":4},"end":{"line":16,"column":5}},"type":"if","locations":[{"start":{"line":14,"column":4},"end":{"line":16,"column":5}},{"start":{},"end":{}}],"line":14},"2":{"loc":{"start":{"line":21,"column":4},"end":{"line":23,"column":5}},"type":"if","locations":[{"start":{"line":21,"column":4},"end":{"line":23,"column":5}},{"start":{},"end":{}}],"line":21},"3":{"loc":{"start":{"line":40,"column":4},"end":{"line":42,"column":5}},"type":"if","locations":[{"start":{"line":40,"column":4},"end":{"line":42,"column":5}},{"start":{},"end":{}}],"line":40}},"s":{"0":1,"1":1,"2":1,"3":6,"4":6,"5":6,"6":0,"7":6,"8":6,"9":2,"10":4,"11":3,"12":3,"13":0,"14":3,"15":3,"16":3,"17":3,"18":1,"19":1,"20":1,"21":0,"22":1,"23":0,"24":0,"25":1,"26":1},"f":{"0":6,"1":1},"b":{"0":[0,6],"1":[2,4],"2":[0,3],"3":[0,1]},"_coverageSchema":"1a1c01bbd47fc00a2c39e90264f33305004495a9","hash":"4ff7296fa6baf544aae93a72ceef991df271799d"}
,"/Users/test/Documents/after HCK/BE-Test-NTX/app/models/Attack.js": {"path":"/Users/test/Documents/after HCK/BE-Test-NTX/app/models/Attack.js","statementMap":{"0":{"start":{"line":1,"column":0},"end":{"line":29,"column":4}},"1":{"start":{"line":2,"column":19},"end":{"line":26,"column":6}},"2":{"start":{"line":28,"column":4},"end":{"line":28,"column":18}}},"fnMap":{"0":{"name":"(anonymous_0)","decl":{"start":{"line":1,"column":17},"end":{"line":1,"column":18}},"loc":{"start":{"line":1,"column":43},"end":{"line":29,"column":3}},"line":1}},"branchMap":{},"s":{"0":1,"1":1,"2":1},"f":{"0":1},"b":{},"_coverageSchema":"1a1c01bbd47fc00a2c39e90264f33305004495a9","hash":"319bf1d87c85f6a17c10630d73d485ca33746413"}
,"/Users/test/Documents/after HCK/BE-Test-NTX/app/models/Survey.js": {"path":"/Users/test/Documents/after HCK/BE-Test-NTX/app/models/Survey.js","statementMap":{"0":{"start":{"line":1,"column":0},"end":{"line":14,"column":4}},"1":{"start":{"line":2,"column":19},"end":{"line":12,"column":6}},"2":{"start":{"line":13,"column":4},"end":{"line":13,"column":18}}},"fnMap":{"0":{"name":"(anonymous_0)","decl":{"start":{"line":1,"column":17},"end":{"line":1,"column":18}},"loc":{"start":{"line":1,"column":43},"end":{"line":14,"column":3}},"line":1}},"branchMap":{},"s":{"0":1,"1":1,"2":1},"f":{"0":1},"b":{},"_coverageSchema":"1a1c01bbd47fc00a2c39e90264f33305004495a9","hash":"b8d00a347d1a6cb80510813be6dd6695c0a90cb0"}
,"/Users/test/Documents/after HCK/BE-Test-NTX/app/models/User.js": {"path":"/Users/test/Documents/after HCK/BE-Test-NTX/app/models/User.js","statementMap":{"0":{"start":{"line":1,"column":0},"end":{"line":25,"column":4}},"1":{"start":{"line":2,"column":17},"end":{"line":23,"column":6}},"2":{"start":{"line":24,"column":4},"end":{"line":24,"column":16}}},"fnMap":{"0":{"name":"(anonymous_0)","decl":{"start":{"line":1,"column":17},"end":{"line":1,"column":18}},"loc":{"start":{"line":1,"column":43},"end":{"line":25,"column":3}},"line":1}},"branchMap":{},"s":{"0":1,"1":1,"2":1},"f":{"0":1},"b":{},"_coverageSchema":"1a1c01bbd47fc00a2c39e90264f33305004495a9","hash":"dfc0137965df18eb54185b0b83e0e6167d34b163"}
,"/Users/test/Documents/after HCK/BE-Test-NTX/app/models/index.js": {"path":"/Users/test/Documents/after HCK/BE-Test-NTX/app/models/index.js","statementMap":{"0":{"start":{"line":1,"column":15},"end":{"line":1,"column":38}},"1":{"start":{"line":3,"column":18},"end":{"line":3,"column":38}},"2":{"start":{"line":6,"column":18},"end":{"line":17,"column":2}},"3":{"start":{"line":19,"column":11},"end":{"line":19,"column":13}},"4":{"start":{"line":21,"column":0},"end":{"line":21,"column":25}},"5":{"start":{"line":22,"column":0},"end":{"line":22,"column":25}},"6":{"start":{"line":24,"column":0},"end":{"line":24,"column":50}},"7":{"start":{"line":25,"column":0},"end":{"line":25,"column":54}},"8":{"start":{"line":26,"column":0},"end":{"line":26,"column":55}},"9":{"start":{"line":28,"column":0},"end":{"line":31,"column":3}},"10":{"start":{"line":33,"column":0},"end":{"line":36,"column":3}},"11":{"start":{"line":55,"column":0},"end":{"line":55,"column":20}}},"fnMap":{},"branchMap":{},"s":{"0":1,"1":1,"2":1,"3":1,"4":1,"5":1,"6":1,"7":1,"8":1,"9":1,"10":1,"11":1},"f":{},"b":{},"_coverageSchema":"1a1c01bbd47fc00a2c39e90264f33305004495a9","hash":"0ce54fe6160167d6134eaba87841009b4b78f262"}
,"/Users/test/Documents/after HCK/BE-Test-NTX/app/routes/exampleRoutes.js": {"path":"/Users/test/Documents/after HCK/BE-Test-NTX/app/routes/exampleRoutes.js","statementMap":{"0":{"start":{"line":1,"column":26},"end":{"line":1,"column":69}},"1":{"start":{"line":3,"column":15},"end":{"line":3,"column":57}},"2":{"start":{"line":4,"column":15},"end":{"line":4,"column":42}},"3":{"start":{"line":6,"column":0},"end":{"line":39,"column":2}},"4":{"start":{"line":7,"column":2},"end":{"line":13,"column":5}},"5":{"start":{"line":8,"column":4},"end":{"line":11,"column":6}},"6":{"start":{"line":12,"column":4},"end":{"line":12,"column":11}},"7":{"start":{"line":15,"column":2},"end":{"line":15,"column":45}},"8":{"start":{"line":17,"column":2},"end":{"line":17,"column":43}},"9":{"start":{"line":18,"column":2},"end":{"line":18,"column":79}},"10":{"start":{"line":19,"column":2},"end":{"line":19,"column":57}},"11":{"start":{"line":21,"column":2},"end":{"line":21,"column":58}},"12":{"start":{"line":22,"column":2},"end":{"line":22,"column":57}},"13":{"start":{"line":38,"column":2},"end":{"line":38,"column":31}}},"fnMap":{"0":{"name":"(anonymous_0)","decl":{"start":{"line":6,"column":17},"end":{"line":6,"column":18}},"loc":{"start":{"line":6,"column":26},"end":{"line":39,"column":1}},"line":6},"1":{"name":"(anonymous_1)","decl":{"start":{"line":7,"column":10},"end":{"line":7,"column":11}},"loc":{"start":{"line":7,"column":30},"end":{"line":13,"column":3}},"line":7}},"branchMap":{},"s":{"0":1,"1":1,"2":1,"3":1,"4":1,"5":6,"6":6,"7":1,"8":1,"9":1,"10":1,"11":1,"12":1,"13":1},"f":{"0":1,"1":6},"b":{},"_coverageSchema":"1a1c01bbd47fc00a2c39e90264f33305004495a9","hash":"0d59e9604682ff56a61b5813abb70655ef619df0"}
}
